{"name": "Placing Order Test", "status": "broken", "statusDetails": {"message": "selenium.common.exceptions.TimeoutException: Message: \nStacktrace:\n\tGetHandleVerifier [0x00A74CA3+225091]\n\t(No symbol) [0x009A4DF1]\n\t(No symbol) [0x00849A7A]\n\t(No symbol) [0x0088175B]\n\t(No symbol) [0x0088188B]\n\t(No symbol) [0x008B7882]\n\t(No symbol) [0x0089F5A4]\n\t(No symbol) [0x008B5CB0]\n\t(No symbol) [0x0089F2F6]\n\t(No symbol) [0x008779B9]\n\t(No symbol) [0x0087879D]\n\tsqlite3_dbdata_init [0x00EE9A43+4064547]\n\tsqlite3_dbdata_init [0x00EF104A+4094762]\n\tsqlite3_dbdata_init [0x00EEB948+4072488]\n\tsqlite3_dbdata_init [0x00BEC9A9+930953]\n\t(No symbol) [0x009B07C4]\n\t(No symbol) [0x009AACE8]\n\t(No symbol) [0x009AAE11]\n\t(No symbol) [0x0099CA80]\n\tBaseThreadInitThunk [0x75FAFCC9+25]\n\tRtlGetAppContainerNamedObjectPath [0x77347C5E+286]\n\tRtlGetAppContainerNamedObjectPath [0x77347C2E+238]", "trace": "self = <test.test_user_path.TestUsersPath object at 0x000001E16B990D10>, driver = <selenium.webdriver.chrome.webdriver.WebDriver (session=\"3b3202fb057605c50dbd7de9ade44c8c\")>\n\n    @allure.title(\"Placing Order Test\")\n    def test_placing_order(self, driver):\n        page = MainPage(driver)\n        page.open_url(page.url)\n        page.wait_element_absent(page.loader, 15)\n        page.switch_to_frame(\"framelive\")\n        prestashop_cart_page = PrestashopCart(driver)\n>       prestashop_cart_page.add_item_in_my_cart(driver)\n\ntest\\test_user_path.py:17: \n_ _ _ _ _ _ _ _ _ _ _ _ _ _ _ _ _ _ _ _ _ _ _ _ _ _ _ _ _ _ _ _ _ _ _ _ _ _ _ _ _ _ _ _ _ _ _ _ _ _ _ _ _ _ _ _ _ _ _ _ _ _ _ _ _ _ _ _ _ _ _ _ _ _ _ _ _ _ _ _ _ _ _ _ _ _ _ _ _ _ _ _\npages\\prestashop_cart_page.py:29: in add_item_in_my_cart\n    self.wait_element_is_present(self.pop_up)\npages\\base_page.py:31: in wait_element_is_present\n    ).until(EC.visibility_of_element_located(locator))\n_ _ _ _ _ _ _ _ _ _ _ _ _ _ _ _ _ _ _ _ _ _ _ _ _ _ _ _ _ _ _ _ _ _ _ _ _ _ _ _ _ _ _ _ _ _ _ _ _ _ _ _ _ _ _ _ _ _ _ _ _ _ _ _ _ _ _ _ _ _ _ _ _ _ _ _ _ _ _ _ _ _ _ _ _ _ _ _ _ _ _ _\n\nself = <selenium.webdriver.support.wait.WebDriverWait (session=\"3b3202fb057605c50dbd7de9ade44c8c\")>\nmethod = <function visibility_of_element_located.<locals>._predicate at 0x000001E16B98F060>, message = ''\n\n    def until(self, method: Callable[[D], Union[Literal[False], T]], message: str = \"\") -> T:\n        \"\"\"Calls the method provided with the driver as an argument until the \\\n        return value does not evaluate to ``False``.\n    \n        :param method: callable(WebDriver)\n        :param message: optional message for :exc:`TimeoutException`\n        :returns: the result of the last call to `method`\n        :raises: :exc:`selenium.common.exceptions.TimeoutException` if timeout occurs\n        \"\"\"\n        screen = None\n        stacktrace = None\n    \n        end_time = time.monotonic() + self._timeout\n        while True:\n            try:\n                value = method(self._driver)\n                if value:\n                    return value\n            except self._ignored_exceptions as exc:\n                screen = getattr(exc, \"screen\", None)\n                stacktrace = getattr(exc, \"stacktrace\", None)\n            time.sleep(self._poll)\n            if time.monotonic() > end_time:\n                break\n>       raise TimeoutException(message, screen, stacktrace)\nE       selenium.common.exceptions.TimeoutException: Message: \nE       Stacktrace:\nE       \tGetHandleVerifier [0x00A74CA3+225091]\nE       \t(No symbol) [0x009A4DF1]\nE       \t(No symbol) [0x00849A7A]\nE       \t(No symbol) [0x0088175B]\nE       \t(No symbol) [0x0088188B]\nE       \t(No symbol) [0x008B7882]\nE       \t(No symbol) [0x0089F5A4]\nE       \t(No symbol) [0x008B5CB0]\nE       \t(No symbol) [0x0089F2F6]\nE       \t(No symbol) [0x008779B9]\nE       \t(No symbol) [0x0087879D]\nE       \tsqlite3_dbdata_init [0x00EE9A43+4064547]\nE       \tsqlite3_dbdata_init [0x00EF104A+4094762]\nE       \tsqlite3_dbdata_init [0x00EEB948+4072488]\nE       \tsqlite3_dbdata_init [0x00BEC9A9+930953]\nE       \t(No symbol) [0x009B07C4]\nE       \t(No symbol) [0x009AACE8]\nE       \t(No symbol) [0x009AAE11]\nE       \t(No symbol) [0x0099CA80]\nE       \tBaseThreadInitThunk [0x75FAFCC9+25]\nE       \tRtlGetAppContainerNamedObjectPath [0x77347C5E+286]\nE       \tRtlGetAppContainerNamedObjectPath [0x77347C2E+238]\n\n.venv\\Lib\\site-packages\\selenium\\webdriver\\support\\wait.py:105: TimeoutException"}, "start": 1713089679687, "stop": 1713089794515, "uuid": "9a05eee0-33dd-4307-92c7-89f878d32d71", "historyId": "b9d27475b8e9bd109db26456ad44bce1", "testCaseId": "b9d27475b8e9bd109db26456ad44bce1", "fullName": "test.test_user_path.TestUsersPath#test_placing_order", "labels": [{"name": "parentSuite", "value": "test"}, {"name": "suite", "value": "test_user_path"}, {"name": "subSuite", "value": "TestUsersPath"}, {"name": "host", "value": "DESKTOP-84P9B6H"}, {"name": "thread", "value": "1368-MainThread"}, {"name": "framework", "value": "pytest"}, {"name": "language", "value": "cpython3"}, {"name": "package", "value": "test.test_user_path"}]}